Processing utterance ID: rn:7a
Processing utterance ID: jr:1b
Processing utterance ID: cf:3a
Processing utterance ID: fc:oa
Processing utterance ID: jt:1a
Processing utterance ID: nw:za
Processing utterance ID: fd:5a
Processing utterance ID: jt:7a
Processing utterance ID: fc:6a
Processing utterance ID: ni:ob
Processing utterance ID: ag:4a
Processing utterance ID: hl:6b
Processing utterance ID: if:3b
Processing utterance ID: kk:9b
Processing utterance ID: ld:4b
Processing utterance ID: dn:2a
Processing utterance ID: ls:9b
Processing utterance ID: ei:8a
Processing utterance ID: ld:za
Processing utterance ID: jp:5a
Processing utterance ID: gj:8a
Processing utterance ID: ld:2b
Iteration 1: -23.941523 logprob/frame (2226 frames)
